<?xml version="1.0" encoding="UTF-8"?>
<!-- Generated by org.testng.reporters.JUnitXMLReporter -->
<testsuite ignored="0" hostname="LTIN486831" failures="0" tests="3" name="chromeTest" time="77.45" errors="0" timestamp="2024-04-02T15:09:56 IST">
  <testcase classname="testCases.MainTest" name="beCognizantTest" time="19.235"/>
  <testcase classname="testCases.MainTest" name="oneCognizantTest" time="5.162"/>
  <testcase classname="testCases.MainTest" name="GSDHomePageTest" time="33.666"/>
</testsuite> <!-- chromeTest -->
