<?xml version="1.0" encoding="UTF-8"?>
<!-- Generated by org.testng.reporters.JUnitXMLReporter -->
<testsuite ignored="0" hostname="LTIN486831" failures="0" tests="3" name="EdgeTest" time="135.566" errors="0" timestamp="2024-04-02T15:12:12 IST">
  <testcase classname="testCases.MainTest" name="beCognizantTest" time="17.879"/>
  <testcase classname="testCases.MainTest" name="oneCognizantTest" time="66.082"/>
  <testcase classname="testCases.MainTest" name="GSDHomePageTest" time="36.064"/>
</testsuite> <!-- EdgeTest -->
