<?xml version="1.0" encoding="UTF-8"?>
<!-- Generated by org.testng.reporters.JUnitXMLReporter -->
<testsuite ignored="0" hostname="LTIN486831" failures="0" tests="3" name="Test" time="73.479" errors="0" timestamp="2024-04-02T14:00:11 IST">
  <testcase classname="testCases.MainTest" name="beCognizantTest" time="18.688"/>
  <testcase classname="testCases.MainTest" name="oneCognizantTest" time="4.348"/>
  <testcase classname="testCases.MainTest" name="GSDHomePageTest" time="27.97"/>
</testsuite> <!-- Test -->
