<?xml version="1.0" encoding="UTF-8"?>
<testng-results ignored="0" total="6" passed="6" failed="0" skipped="0">
  <reporter-output>
  </reporter-output>
  <suite started-at="2024-04-02T15:08:38 IST" name="Suite" finished-at="2024-04-02T15:12:12 IST" duration-ms="213623">
    <groups>
    </groups>
    <test started-at="2024-04-02T15:08:38 IST" name="chromeTest" finished-at="2024-04-02T15:09:55 IST" duration-ms="77450">
      <class name="testCases.MainTest">
        <test-method is-config="true" signature="setUp(java.lang.String)[pri:0, instance:testCases.MainTest@76908cc0]" started-at="2024-04-02T15:08:38 IST" name="setUp" finished-at="2024-04-02T15:08:45 IST" duration-ms="6788" status="PASS">
          <params>
            <param index="0">
              <value>
                <![CDATA[edge]]>
              </value>
            </param>
          </params>
          <reporter-output>
          </reporter-output>
        </test-method> <!-- setUp -->
        <test-method signature="beCognizantTest()[pri:1, instance:testCases.MainTest@76908cc0]" started-at="2024-04-02T15:08:45 IST" name="beCognizantTest" finished-at="2024-04-02T15:09:05 IST" duration-ms="19235" status="PASS">
          <reporter-output>
          </reporter-output>
        </test-method> <!-- beCognizantTest -->
        <test-method signature="oneCognizantTest()[pri:2, instance:testCases.MainTest@76908cc0]" started-at="2024-04-02T15:09:05 IST" name="oneCognizantTest" finished-at="2024-04-02T15:09:10 IST" duration-ms="5162" status="PASS">
          <reporter-output>
          </reporter-output>
        </test-method> <!-- oneCognizantTest -->
        <test-method signature="GSDHomePageTest()[pri:3, instance:testCases.MainTest@76908cc0]" started-at="2024-04-02T15:09:10 IST" name="GSDHomePageTest" finished-at="2024-04-02T15:09:44 IST" duration-ms="33666" status="PASS">
          <reporter-output>
          </reporter-output>
        </test-method> <!-- GSDHomePageTest -->
        <test-method is-config="true" signature="quit()[pri:0, instance:testCases.MainTest@76908cc0]" started-at="2024-04-02T15:09:44 IST" name="quit" finished-at="2024-04-02T15:09:55 IST" duration-ms="11315" status="PASS">
          <reporter-output>
          </reporter-output>
        </test-method> <!-- quit -->
      </class> <!-- testCases.MainTest -->
    </test> <!-- chromeTest -->
    <test started-at="2024-04-02T15:09:56 IST" name="EdgeTest" finished-at="2024-04-02T15:12:12 IST" duration-ms="135566">
      <class name="testCases.MainTest">
        <test-method is-config="true" signature="setUp(java.lang.String)[pri:0, instance:testCases.MainTest@c267ef4]" started-at="2024-04-02T15:09:56 IST" name="setUp" finished-at="2024-04-02T15:10:00 IST" duration-ms="3431" status="PASS">
          <params>
            <param index="0">
              <value>
                <![CDATA[chrome]]>
              </value>
            </param>
          </params>
          <reporter-output>
          </reporter-output>
        </test-method> <!-- setUp -->
        <test-method signature="beCognizantTest()[pri:1, instance:testCases.MainTest@c267ef4]" started-at="2024-04-02T15:10:00 IST" name="beCognizantTest" finished-at="2024-04-02T15:10:17 IST" duration-ms="17879" status="PASS">
          <reporter-output>
          </reporter-output>
        </test-method> <!-- beCognizantTest -->
        <test-method signature="oneCognizantTest()[pri:2, instance:testCases.MainTest@c267ef4]" started-at="2024-04-02T15:10:18 IST" name="oneCognizantTest" finished-at="2024-04-02T15:11:24 IST" duration-ms="66082" status="PASS">
          <reporter-output>
          </reporter-output>
        </test-method> <!-- oneCognizantTest -->
        <test-method signature="GSDHomePageTest()[pri:3, instance:testCases.MainTest@c267ef4]" started-at="2024-04-02T15:11:24 IST" name="GSDHomePageTest" finished-at="2024-04-02T15:12:00 IST" duration-ms="36064" status="PASS">
          <reporter-output>
          </reporter-output>
        </test-method> <!-- GSDHomePageTest -->
        <test-method is-config="true" signature="quit()[pri:0, instance:testCases.MainTest@c267ef4]" started-at="2024-04-02T15:12:00 IST" name="quit" finished-at="2024-04-02T15:12:12 IST" duration-ms="11269" status="PASS">
          <reporter-output>
          </reporter-output>
        </test-method> <!-- quit -->
      </class> <!-- testCases.MainTest -->
    </test> <!-- EdgeTest -->
  </suite> <!-- Suite -->
</testng-results>
